<?xml version="1.0" encoding="UTF-8"?>
<!-- Generated by org.testng.reporters.JUnitReportReporter -->
<testsuite hostname="WIN-2ID1Q97HU4Q" failures="0" tests="1" name="com.eg.qa.testcases.LoginTest" time="29.700" errors="0" timestamp="2022-02-24T16:23:15 UTC" skipped="0">
  <testcase classname="com.eg.qa.testcases.LoginTest" name="amazon_login" time="29.700"/>
  <system-out/>
</testsuite> <!-- com.eg.qa.testcases.LoginTest -->
